<project xmlns:c="antlib:net.haefelingerit.flaka">
  <c:fail test="3 * 5 == 15" unless="p"/>
</project>