<project xmlns:c="antlib:it.haefelinger.flaka">
  <c:echo />
  <echo>foobar
</echo>
  <c:echo>
    foo
</c:echo>
  <c:echo>
    foo
</c:echo>
  <c:echo comment=";" shift=" 0* ">
    ; ignore \
    me (still a comment here)
    Hello\
    ,
    ..World.
</c:echo>
  <echo>=======</echo>
  <echo>=======</echo>
  <c:echo shift="0">[1a]</c:echo>
  <echo>=======</echo>
  <c:echo shift="0"> [1b]</c:echo>
  <echo>=======</echo>
  <c:echo shift="0">[2a]
  </c:echo>
  <echo>=======</echo>
  <c:echo shift="0"> [2b]
  </c:echo>
  <echo>=======</echo>
  <c:echo shift="0">[3a]
    2ndline
  </c:echo>
  <echo>=======</echo>
  <c:echo shift="0"> [3b]
    2ndline
  </c:echo>
  <echo>=======</echo>
  <c:echo shift="0">
    [4a]
    2ndline
  </c:echo>
  <echo>=======</echo>
  <c:echo shift="0">
    [4b]
    2ndline
  </c:echo>
  <c:echo shift="0"> \
    [4c]
    2ndline
  </c:echo>
  <c:echo shift="0">a
    b
  </c:echo>
  <echo>=======</echo>
  <c:echo shift="0">
    aa
    b b
  </c:echo>
  <c:echo shift="0">
    aa
    b b
  </c:echo>
  <echo>=======</echo>
  <c:let>
    f = ''.tofile
  </c:let>
</project>