<project xmlns:c="antlib:net.haefelingerit.flaka">

  <c:property-handler/>

  <c:set var="basefolder"  value="${dirname ${ant.file}}" />
  <echo>
    basefolder = ${basefolder}
  </echo>
  <c:find dir="${basefolder}" />
 
</project>
