<project xmlns:c="antlib:net.haefelingerit.flaka">

  <c:property-handler/>

  <c:let>
      basefolder = '${ant.file}'.tofile.parent
  </c:let>
  <c:echo>
    basefolder = #{basefolder}
  </c:echo>
  <c:find dir=" basefolder " />
 
</project>
