<project xmlns:c="antlib:it.haefelinger.flaka" default="this">

  <c:set-default-target name="foobar" />
  
  <target name="this">
    <echo>THIS</echo>
  </target>
  
  <target name="foobar">
    <echo>FOOBAR</echo>
  </target>

  <!--
  ;; not yet ready
  ;; it should execute target 'foobar'. However, what it does right now is to
  ;; execute target 'this'.
  -->
</project>