<project xmlns:c="antlib:net.haefelingerit.flaka">
  <c:choose>
  </c:choose>

  <c:choose>
    <c:when>
      <property name="p1" value="seen" />
    </c:when>

    <when>
      <property name="p2" value="seen" />
    </when>

    <unless test="false">
      <property name="p3" value="seen" />
    </unless>

    <c:otherwise>
      <property name="p4" value="seen" />
    </c:otherwise>

  </c:choose>

  <fail if="p1" />
  <fail if="p2" />
  <fail unless="p3" />
  <fail if="p4" />

</project>