<project xmlns:c="antlib:net.haefelingerit.flaka">
  
  <!--  test needs to be rewritten using scan4deps and EL -->
   
</project>
