<project xmlns:c="antlib:net.haefelingerit.flaka" >
  <c:property-handler />
  
  <echo>
    hello => ${uppercase hello}
  </echo>
</project>