<project xmlns:c="antlib:net.haefelingerit.flaka" default="this">

  <c:let-default-target name="foobar" />
  
  <target name="this">
    <echo>THIS</echo>
  </target>
  
  <target name="foobar">
    <echo>FOOBAR</echo>
  </target>

</project>