<project xmlns:c="antlib:net.haefelingerit.flaka">

  <c:xmlmerge
      dst = "-"
      src = "test/xmlmerge"
      pattern = "*.xml"
      />

</project>
