<project xmlns:c="antlib:it.haefelinger.flaka">

  <c:xmlmerge
      dst = "-"
      src = "test/xmlmerge"
      pattern = "*.xml"
      />

</project>
