<project xmlns:c="antlib:it.haefelinger.flaka" >
<target name="test-case">
  <c:property-handler />
  
  <echo>
    hello => ${uppercase hello}
  </echo>
</target>
</project>